2024-12-09 16:14:43,876 - __main__ - INFO - Starting SIEM system...
2024-12-09 16:14:43,883 - __main__ - INFO - Configuration loaded successfully
2024-12-09 16:14:43,883 - __main__ - INFO - Database initialized successfully
2024-12-09 16:14:43,884 - __main__ - INFO - Universal Agent initialized
2024-12-09 16:14:43,885 - src.intelligence.threat_intelligence - WARNING - ML model path not found, ML features disabled
2024-12-09 16:14:43,886 - __main__ - INFO - Threat Intelligence module initialized
2024-12-09 16:14:43,888 - src.agents.cross_platform_agent - INFO - Starting Universal Agent on windows
2024-12-09 16:14:43,904 - __main__ - INFO - SIEM system started successfully
2024-12-09 16:14:43,904 - src.agents.cross_platform_agent - INFO - Processing event: network_info
2024-12-09 16:14:43,914 - src.agents.cross_platform_agent - INFO - Processing event: system_resources
2024-12-09 16:14:44,088 - src.agents.cross_platform_agent - INFO - Processing event: system_info
2024-12-09 16:14:50,873 - src.agents.cross_platform_agent - INFO - Processing event: processes
2024-12-09 16:15:48,763 - __main__ - INFO - Starting SIEM system...
2024-12-09 16:15:48,771 - __main__ - INFO - Configuration loaded successfully
2024-12-09 16:15:48,772 - __main__ - INFO - Database initialized successfully
2024-12-09 16:15:48,772 - __main__ - INFO - Universal Agent initialized
2024-12-09 16:15:48,773 - src.intelligence.threat_intelligence - WARNING - ML model path not found, ML features disabled
2024-12-09 16:15:48,774 - __main__ - INFO - Threat Intelligence module initialized
2024-12-09 16:15:48,776 - src.agents.cross_platform_agent - INFO - Starting Universal Agent on windows
2024-12-09 16:15:48,797 - __main__ - INFO - SIEM system started successfully
2024-12-09 16:15:48,797 - src.agents.cross_platform_agent - INFO - Processing event: network_info
2024-12-09 16:15:48,799 - src.agents.cross_platform_agent - INFO - Processing event: system_resources
2024-12-09 16:15:48,955 - src.agents.cross_platform_agent - INFO - Processing event: system_info
2024-12-09 16:15:55,710 - src.agents.cross_platform_agent - INFO - Processing event: processes
2024-12-09 16:17:26,436 - __main__ - INFO - Starting SIEM system...
2024-12-09 16:17:26,444 - __main__ - INFO - Configuration loaded from ./config/base.yml
2024-12-09 16:17:26,444 - __main__ - INFO - Configuration loaded successfully
2024-12-09 16:17:26,444 - __main__ - INFO - Database initialized successfully
2024-12-09 16:17:26,445 - __main__ - INFO - Universal Agent initialized
2024-12-09 16:17:26,446 - src.intelligence.threat_intelligence - WARNING - ML model path not found at E:\SIEM\SIEM\models\default_model.pkl, ML features disabled
2024-12-09 16:17:26,447 - __main__ - INFO - Threat Intelligence module initialized
2024-12-09 16:17:26,449 - src.agents.cross_platform_agent - INFO - Starting Universal Agent on windows
2024-12-09 16:17:26,469 - __main__ - INFO - SIEM system started successfully
2024-12-09 16:17:26,469 - src.agents.cross_platform_agent - INFO - Processing event: network_info
2024-12-09 16:17:26,470 - src.agents.cross_platform_agent - INFO - Processing event: system_resources
2024-12-09 16:17:26,619 - src.agents.cross_platform_agent - INFO - Processing event: system_info
2024-12-09 16:17:33,306 - src.agents.cross_platform_agent - INFO - Processing event: processes
2024-12-09 16:18:51,936 - __main__ - INFO - Starting SIEM system...
2024-12-09 16:18:51,944 - __main__ - INFO - Configuration loaded from ./config/base.yml
2024-12-09 16:18:51,945 - __main__ - INFO - Configuration loaded successfully
2024-12-09 16:18:51,945 - __main__ - INFO - Database initialized successfully
2024-12-09 16:18:51,946 - __main__ - INFO - Universal Agent initialized
2024-12-09 16:18:51,950 - src.intelligence.threat_intelligence - WARNING - ML model path not found at E:\SIEM\SIEM\models\default_model.pkl, ML features disabled
2024-12-09 16:18:51,952 - __main__ - INFO - Threat Intelligence module initialized
2024-12-09 16:18:51,954 - src.agents.cross_platform_agent - INFO - Starting Universal Agent on windows
2024-12-09 16:18:51,974 - src.agents.cross_platform_agent - INFO - Processing event: network_info
2024-12-09 16:18:51,974 - __main__ - INFO - SIEM system started successfully
2024-12-09 16:18:51,975 - src.agents.cross_platform_agent - INFO - Processing event: system_resources
2024-12-09 16:18:51,975 - __main__ - ERROR - Unexpected error: module 'signal' has no attribute 'pause'
2024-12-09 16:18:51,976 - __main__ - INFO - Received shutdown signal. Cleaning up...
2024-12-09 16:18:51,977 - src.agents.cross_platform_agent - INFO - Shutting down Universal Agent
2024-12-09 16:18:52,124 - src.agents.cross_platform_agent - INFO - Processing event: system_info
2024-12-09 16:18:58,627 - src.agents.cross_platform_agent - INFO - Universal Agent shutdown complete
2024-12-09 16:18:58,628 - src.intelligence.threat_intelligence - INFO - Shutting down threat intelligence system...
2024-12-09 16:20:42,208 - __main__ - INFO - Starting SIEM system...
2024-12-09 16:20:42,215 - __main__ - INFO - Configuration loaded from ./config/base.yml
2024-12-09 16:20:42,216 - __main__ - INFO - Configuration loaded successfully
2024-12-09 16:20:42,216 - __main__ - ERROR - Failed to start SIEM system: DatabaseManager.__new__() takes 1 positional argument but 2 were given
2024-12-09 16:20:42,216 - __main__ - INFO - Received shutdown signal. Cleaning up...
2024-12-09 16:32:06,522 - __main__ - INFO - Starting SIEM system...
2024-12-09 16:32:06,522 - __main__ - INFO - Configuration initialized successfully
2024-12-09 16:32:06,522 - __main__ - ERROR - Critical error during SIEM system initialization: DatabaseManager.__new__() takes 1 positional argument but 2 were given
2024-12-09 16:33:09,532 - __main__ - INFO - Starting SIEM system...
2024-12-09 16:33:09,533 - __main__ - INFO - Configuration initialized successfully
2024-12-09 16:33:09,533 - __main__ - INFO - Database initialized successfully
2024-12-09 16:33:09,533 - __main__ - INFO - Universal Agent initialized
2024-12-09 16:33:09,534 - src.intelligence.threat_intelligence - INFO - Loaded 0 threat feeds
2024-12-09 16:33:09,534 - performance_monitor - INFO - Performance: _load_threat_feeds executed in 0.0003 seconds
2024-12-09 16:33:09,535 - src.intelligence.threat_intelligence - INFO - Loaded 0 ML models
2024-12-09 16:33:09,535 - performance_monitor - INFO - Performance: _load_ml_models executed in 0.0004 seconds
2024-12-09 16:33:09,535 - src.intelligence.threat_intelligence - WARNING - ML model path not found at e:\SIEM\SIEM\models\default_model.pkl, ML features disabled
2024-12-09 16:33:09,536 - __main__ - INFO - Threat Intelligence module initialized
2024-12-09 16:33:09,536 - __main__ - INFO - SIEM system started successfully
2024-12-09 16:33:55,465 - __main__ - INFO - Starting SIEM system...
2024-12-09 16:33:55,465 - __main__ - INFO - Configuration initialized successfully
2024-12-09 16:33:55,465 - __main__ - INFO - Database initialized successfully
2024-12-09 16:33:55,466 - __main__ - INFO - Universal Agent initialized
2024-12-09 16:33:55,466 - src.intelligence.threat_intelligence - INFO - Loaded 0 threat feeds
2024-12-09 16:33:55,466 - performance_monitor - INFO - Performance: _load_threat_feeds executed in 0.0002 seconds
2024-12-09 16:33:55,467 - src.intelligence.threat_intelligence - INFO - Loaded 0 ML models
2024-12-09 16:33:55,467 - performance_monitor - INFO - Performance: _load_ml_models executed in 0.0002 seconds
2024-12-09 16:33:55,467 - src.intelligence.threat_intelligence - WARNING - ML model path not found at e:\SIEM\SIEM\models\default_model.pkl, ML features disabled
2024-12-09 16:33:55,467 - __main__ - INFO - Threat Intelligence module initialized
2024-12-09 16:33:55,467 - __main__ - INFO - SIEM system started successfully
2024-12-09 17:30:48,782 - __main__ - INFO - Starting SIEM system...
2024-12-09 17:30:48,783 - __main__ - INFO - Configuration initialized successfully
2024-12-09 17:30:48,783 - __main__ - INFO - Database initialized successfully
2024-12-09 17:30:48,784 - __main__ - INFO - Universal Agent initialized
2024-12-09 17:30:48,785 - src.intelligence.threat_intelligence - INFO - Loaded 0 threat feeds
2024-12-09 17:30:48,785 - performance_monitor - INFO - Performance: _load_threat_feeds executed in 0.0005 seconds
2024-12-09 17:30:48,786 - src.intelligence.threat_intelligence - INFO - Loaded 0 ML models
2024-12-09 17:30:48,786 - performance_monitor - INFO - Performance: _load_ml_models executed in 0.0005 seconds
2024-12-09 17:30:48,786 - src.intelligence.threat_intelligence - WARNING - ML model path not found at E:\SIEM\SIEM\models\default_model.pkl, ML features disabled
2024-12-09 17:30:48,787 - __main__ - INFO - Threat Intelligence module initialized
2024-12-09 17:30:48,787 - __main__ - INFO - SIEM system started successfully
2024-12-09 17:32:51,105 - __main__ - INFO - Starting SIEM system...
2024-12-09 17:32:51,106 - __main__ - INFO - Configuration initialized successfully
2024-12-09 17:32:51,106 - __main__ - INFO - Database initialized successfully
2024-12-09 17:32:51,107 - __main__ - INFO - Universal Agent initialized
2024-12-09 17:32:51,108 - src.intelligence.threat_intelligence - INFO - Loaded 0 threat feeds
2024-12-09 17:32:51,108 - performance_monitor - INFO - Performance: _load_threat_feeds executed in 0.0004 seconds
2024-12-09 17:32:51,109 - src.intelligence.threat_intelligence - INFO - Loaded 0 ML models
2024-12-09 17:32:51,109 - performance_monitor - INFO - Performance: _load_ml_models executed in 0.0004 seconds
2024-12-09 17:32:51,109 - src.intelligence.threat_intelligence - WARNING - ML model path not found at E:\SIEM\SIEM\models\default_model.pkl, ML features disabled
2024-12-09 17:32:51,110 - __main__ - INFO - Threat Intelligence module initialized
2024-12-09 17:32:51,110 - __main__ - INFO - SIEM system started successfully
2024-12-09 18:27:20,370 - __main__ - INFO - Starting SIEM system...
2024-12-09 18:27:20,371 - __main__ - INFO - Configuration initialized successfully
2024-12-09 18:27:20,371 - __main__ - INFO - Database initialized successfully
2024-12-09 18:27:20,371 - src.agents.cross_platform_agent - INFO - Initializing Universal Agent: d6f89aaf-7ec6-4c4f-9be4-e0c0448f8136
2024-12-09 18:27:20,371 - src.intelligence.threat_intelligence - INFO - Loaded 0 threat feeds
2024-12-09 18:27:20,371 - performance_monitor - INFO - Performance: _load_threat_feeds executed in 0.0001 seconds
2024-12-09 18:27:20,371 - src.intelligence.threat_intelligence - WARNING - ML model path not found: 
2024-12-09 18:27:20,371 - performance_monitor - INFO - Performance: _load_ml_models executed in 0.0001 seconds
2024-12-09 18:27:20,371 - src.agents.cross_platform_agent - INFO - Initialized collectors: ['system_logs', 'network_traffic', 'process_monitor', 'windows_event_logs', 'windows_registry']
2024-12-09 18:27:20,372 - __main__ - INFO - Universal Agent initialized
2024-12-09 18:27:20,373 - src.intelligence.threat_intelligence - INFO - Loaded 0 threat feeds
2024-12-09 18:27:20,373 - performance_monitor - INFO - Performance: _load_threat_feeds executed in 0.0005 seconds
2024-12-09 18:27:20,373 - src.intelligence.threat_intelligence - WARNING - ML model path not found: 
2024-12-09 18:27:20,373 - performance_monitor - INFO - Performance: _load_ml_models executed in 0.0001 seconds
2024-12-09 18:27:20,373 - src.intelligence.threat_intelligence - ERROR - Error initializing ML components: 'ThreatIntelligence' object has no attribute '_load_ml_model'
2024-12-09 18:27:20,374 - __main__ - INFO - Threat Intelligence module initialized
2024-12-09 18:27:20,374 - __main__ - INFO - SIEM system started successfully
2024-12-09 18:29:40,016 - __main__ - INFO - Starting SIEM system...
2024-12-09 18:29:40,018 - __main__ - INFO - Configuration initialized successfully
2024-12-09 18:29:40,018 - __main__ - INFO - Database initialized successfully
2024-12-09 18:29:40,018 - src.agents.cross_platform_agent - INFO - Initializing Universal Agent: 1285939d-6c60-456e-98ff-85cb387c8fd1
2024-12-09 18:29:40,018 - src.intelligence.threat_intelligence - INFO - Loaded 0 threat feeds
2024-12-09 18:29:40,018 - performance_monitor - INFO - Performance: _load_threat_feeds executed in 0.0001 seconds
2024-12-09 18:29:41,937 - src.intelligence.threat_intelligence - INFO - Loaded 1 ML models successfully
2024-12-09 18:29:41,937 - performance_monitor - INFO - Performance: _load_ml_models executed in 1.9183 seconds
2024-12-09 18:29:41,937 - src.agents.cross_platform_agent - INFO - Initialized collectors: ['system_logs', 'network_traffic', 'process_monitor', 'windows_event_logs', 'windows_registry']
2024-12-09 18:29:41,937 - __main__ - INFO - Universal Agent initialized
2024-12-09 18:29:41,963 - src.intelligence.threat_intelligence - INFO - Loaded 1 ML models successfully
2024-12-09 18:29:41,963 - src.intelligence.threat_intelligence - INFO - Loaded 0 threat feeds
2024-12-09 18:29:41,963 - __main__ - INFO - Threat Intelligence module initialized
2024-12-09 18:29:41,963 - __main__ - INFO - SIEM system started successfully
